<?xml version="1.0" encoding="UTF-8"?>
<testng-results skipped="0" failed="0" total="1" passed="1">
  <reporter-output>
    <line>
      <![CDATA[Test:testA is Pass ]]>
    </line>
    <line>
      <![CDATA[TestName:testA Status:PASS]]>
    </line>
  </reporter-output>
  <suite name="Default suite" duration-ms="8685" started-at="2018-10-04T03:08:50Z" finished-at="2018-10-04T03:08:59Z">
    <groups>
    </groups>
    <test name="Default test" duration-ms="8685" started-at="2018-10-04T03:08:50Z" finished-at="2018-10-04T03:08:59Z">
      <class name="script.DemoA">
        <test-method status="PASS" signature="openApp(java.lang.String, java.lang.String)[pri:0, instance:script.DemoA@2a5ca609]" name="openApp" is-config="true" duration-ms="7307" started-at="2018-10-04T08:38:51Z" finished-at="2018-10-04T08:38:58Z">
          <params>
            <param index="0">
              <value>
                <![CDATA[localhost]]>
              </value>
            </param>
            <param index="1">
              <value>
                <![CDATA[chrome]]>
              </value>
            </param>
          </params>
          <reporter-output>
          </reporter-output>
        </test-method> <!-- openApp -->
        <test-method status="PASS" signature="testA()[pri:0, instance:script.DemoA@2a5ca609]" name="testA" duration-ms="701" started-at="2018-10-04T08:38:58Z" finished-at="2018-10-04T08:38:59Z">
          <reporter-output>
            <line>
              <![CDATA[Test:testA is Pass ]]>
            </line>
          </reporter-output>
        </test-method> <!-- testA -->
        <test-method status="PASS" signature="closeApp(org.testng.ITestResult)[pri:0, instance:script.DemoA@2a5ca609]" name="closeApp" is-config="true" duration-ms="646" started-at="2018-10-04T08:38:59Z" finished-at="2018-10-04T08:38:59Z">
          <params>
            <param index="0">
              <value>
                <![CDATA[[TestResult name=testA status=SUCCESS method=DemoA.testA()[pri:0, instance:script.DemoA@2a5ca609] output=Test:testA is Pass ]]]>
              </value>
            </param>
          </params>
          <reporter-output>
            <line>
              <![CDATA[TestName:testA Status:PASS]]>
            </line>
          </reporter-output>
        </test-method> <!-- closeApp -->
      </class> <!-- script.DemoA -->
    </test> <!-- Default test -->
  </suite> <!-- Default suite -->
</testng-results>
